build/app/outputs/mapping/release/mapping.txt
# compiler: R8
# compiler_version: 2.1.62
# min_api: 16
# pg_map_id: 4b8a4e2
# common_typos_disable
...
io.flutter.embedding.android.FlutterActivityAndFragmentDelegate$Host -> io.flutter.embedding.android.f$b:
    void onFlutterSurfaceViewCreated(io.flutter.embedding.android.FlutterSurfaceView) -> A
    void detachFromFlutterEngine() -> a
    void onFlutterUiDisplayed() -> c
    androidx.lifecycle.Lifecycle getLifecycle() -> d
    void onFlutterUiNoLongerDisplayed() -> e
    android.app.Activity getActivity() -> f
    java.lang.String getInitialRoute() -> g
    io.flutter.embedding.engine.FlutterShellArgs getFlutterShellArgs() -> h
    java.lang.String getAppBundlePath() -> k
    io.flutter.embedding.engine.FlutterEngine provideFlutterEngine(android.content.Context) -> l
    boolean shouldAttachEngineToActivity() -> m
    io.flutter.embedding.android.RenderMode getRenderMode() -> n
    boolean shouldDestroyEngineWithHost() -> o
    boolean shouldHandleDeeplinking() -> p
    io.flutter.embedding.android.TransparencyMode getTransparencyMode() -> q
    void onFlutterTextureViewCreated(io.flutter.embedding.android.FlutterTextureView) -> r
    java.lang.String getCachedEngineId() -> s
    void configureFlutterEngine(io.flutter.embedding.engine.FlutterEngine) -> t
    boolean shouldRestoreAndSaveState() -> u
    java.lang.String getDartEntrypointFunctionName() -> v
    void cleanUpFlutterEngine(io.flutter.embedding.engine.FlutterEngine) -> w
    io.flutter.embedding.android.SplashScreen provideSplashScreen() -> x
io.flutter.embedding.android.FlutterActivityLaunchConfigs$BackgroundMode -> io.flutter.embedding.android.g:
    io.flutter.embedding.android.FlutterActivityLaunchConfigs$BackgroundMode opaque -> a
    io.flutter.embedding.android.FlutterActivityLaunchConfigs$BackgroundMode transparent -> b
    io.flutter.embedding.android.FlutterActivityLaunchConfigs$BackgroundMode[] $VALUES -> c
io.flutter.embedding.android.FlutterImageView -> io.flutter.embedding.android.h:
    io.flutter.embedding.engine.renderer.FlutterRenderer flutterRenderer -> d
    android.graphics.Bitmap currentBitmap -> c
    android.media.Image currentImage -> b
    boolean isAttachedToFlutterRenderer -> f
    android.media.ImageReader imageReader -> a
    io.flutter.embedding.android.FlutterImageView$SurfaceKind kind -> e
    void attachToRenderer(io.flutter.embedding.engine.renderer.FlutterRenderer) -> a
    void pause() -> b
    void detachFromRenderer() -> c
    boolean acquireLatestImage() -> d
    void closeCurrentImage() -> e
    android.media.ImageReader createImageReader(int,int) -> f
    void init() -> g
    void resizeIfNeeded(int,int) -> h
    void updateCurrentBitmap() -> i
io.flutter.embedding.android.FlutterImageView$1 -> io.flutter.embedding.android.h$a:
    int[] $SwitchMap$io$flutter$embedding$android$FlutterImageView$SurfaceKind -> a
io.flutter.embedding.android.FlutterImageView$SurfaceKind -> io.flutter.embedding.android.h$b:
    io.flutter.embedding.android.FlutterImageView$SurfaceKind background -> a
    io.flutter.embedding.android.FlutterImageView$SurfaceKind[] $VALUES -> c
    io.flutter.embedding.android.FlutterImageView$SurfaceKind overlay -> b